[0920/004749.371:ERROR:process_memory_win.cc(73)] ReadMemory at 0x7ff6d3dd0000 of 64 bytes failed: Only part of a ReadProcessMemory or WriteProcessMemory request was completed. (0x12B)
[0920/004752.047:WARNING:pe_image_reader.cc(340)] could not read dos header from C:\Program Files (x86)\Google\Chrome\Application\chrome.exe
[0920/004752.047:ERROR:process_memory_win.cc(73)] ReadMemory at 0x7ffbb7540000 of 64 bytes failed: Only part of a ReadProcessMemory or WriteProcessMemory request was completed. (0x12B)
[0920/004752.048:WARNING:pe_image_reader.cc(340)] could not read dos header from C:\WINDOWS\SYSTEM32\ntdll.dll
[0920/004752.048:ERROR:process_memory_win.cc(73)] ReadMemory at 0x7ffbb5b70000 of 64 bytes failed: Only part of a ReadProcessMemory or WriteProcessMemory request was completed. (0x12B)
[0920/004752.048:WARNING:pe_image_reader.cc(340)] could not read dos header from C:\WINDOWS\System32\KERNEL32.DLL
[0920/004752.049:ERROR:process_memory_win.cc(73)] ReadMemory at 0x7ffbb46a0000 of 64 bytes failed: Only part of a ReadProcessMemory or WriteProcessMemory request was completed. (0x12B)
[0920/004752.049:WARNING:pe_image_reader.cc(340)] could not read dos header from C:\WINDOWS\System32\KERNELBASE.dll
[0920/004752.049:ERROR:process_memory_win.cc(73)] ReadMemory at 0x7ffba1290000 of 64 bytes failed: Only part of a ReadProcessMemory or WriteProcessMemory request was completed. (0x12B)
[0920/004752.049:WARNING:pe_image_reader.cc(340)] could not read dos header from C:\Program Files (x86)\Google\Chrome\Application\85.0.4183.102\chrome_elf.dll
[0920/004752.049:ERROR:process_memory_win.cc(73)] ReadMemory at 0x7ffba6870000 of 64 bytes failed: Only part of a ReadProcessMemory or WriteProcessMemory request was completed. (0x12B)
[0920/004752.049:WARNING:pe_image_reader.cc(340)] could not read dos header from C:\WINDOWS\SYSTEM32\VERSION.dll
[0920/004752.049:ERROR:process_memory_win.cc(73)] ReadMemory at 0x7ffbb6a10000 of 64 bytes failed: Only part of a ReadProcessMemory or WriteProcessMemory request was completed. (0x12B)
[0920/004752.050:WARNING:pe_image_reader.cc(340)] could not read dos header from C:\WINDOWS\System32\msvcrt.dll
[0920/004752.050:ERROR:process_memory_win.cc(73)] ReadMemory at 0x7ffbb4d00000 of 64 bytes failed: Only part of a ReadProcessMemory or WriteProcessMemory request was completed. (0x12B)
[0920/004752.050:WARNING:pe_image_reader.cc(340)] could not read dos header from C:\WINDOWS\System32\bcryptPrimitives.dll
[0920/004752.050:ERROR:process_memory_win.cc(73)] ReadMemory at 0x7ffbb5ca0000 of 64 bytes failed: Only part of a ReadProcessMemory or WriteProcessMemory request was completed. (0x12B)
[0920/004752.050:WARNING:pe_image_reader.cc(340)] could not read dos header from C:\WINDOWS\System32\ADVAPI32.dll
[0920/004752.050:ERROR:process_memory_win.cc(73)] ReadMemory at 0x7ffbb6fb0000 of 64 bytes failed: Only part of a ReadProcessMemory or WriteProcessMemory request was completed. (0x12B)
[0920/004752.050:WARNING:pe_image_reader.cc(340)] could not read dos header from C:\WINDOWS\System32\sechost.dll
[0920/004752.050:ERROR:process_memory_win.cc(73)] ReadMemory at 0x7ffbb7080000 of 64 bytes failed: Only part of a ReadProcessMemory or WriteProcessMemory request was completed. (0x12B)
[0920/004752.050:WARNING:pe_image_reader.cc(340)] could not read dos header from C:\WINDOWS\System32\RPCRT4.dll
[0920/004752.051:ERROR:process_memory_win.cc(73)] ReadMemory at 0x7ffb7a750000 of 64 bytes failed: Only part of a ReadProcessMemory or WriteProcessMemory request was completed. (0x12B)
[0920/004752.051:WARNING:pe_image_reader.cc(340)] could not read dos header from C:\Program Files (x86)\Google\Chrome\Application\85.0.4183.102\chrome.dll
[0920/004752.051:ERROR:process_memory_win.cc(73)] ReadMemory at 0x7ffbb7270000 of 64 bytes failed: Only part of a ReadProcessMemory or WriteProcessMemory request was completed. (0x12B)
[0920/004752.051:WARNING:pe_image_reader.cc(340)] could not read dos header from C:\WINDOWS\System32\WS2_32.dll
[0920/004752.051:ERROR:process_memory_win.cc(73)] ReadMemory at 0x7ffbb5760000 of 64 bytes failed: Only part of a ReadProcessMemory or WriteProcessMemory request was completed. (0x12B)
[0920/004752.051:WARNING:pe_image_reader.cc(340)] could not read dos header from C:\WINDOWS\System32\OLEAUT32.dll
[0920/004752.051:ERROR:process_memory_win.cc(73)] ReadMemory at 0x7ffbb4aa0000 of 64 bytes failed: Only part of a ReadProcessMemory or WriteProcessMemory request was completed. (0x12B)
[0920/004752.052:WARNING:pe_image_reader.cc(340)] could not read dos header from C:\WINDOWS\System32\msvcp_win.dll
[0920/004752.052:ERROR:process_memory_win.cc(73)] ReadMemory at 0x7ffbb4550000 of 64 bytes failed: Only part of a ReadProcessMemory or WriteProcessMemory request was completed. (0x12B)
[0920/004752.052:WARNING:pe_image_reader.cc(340)] could not read dos header from C:\WINDOWS\System32\ucrtbase.dll
[0920/004752.052:ERROR:process_memory_win.cc(73)] ReadMemory at 0x7ffbb6c60000 of 64 bytes failed: Only part of a ReadProcessMemory or WriteProcessMemory request was completed. (0x12B)
[0920/004752.052:WARNING:pe_image_reader.cc(340)] could not read dos header from C:\WINDOWS\System32\combase.dll
[0920/004752.052:ERROR:process_memory_win.cc(73)] ReadMemory at 0x7ffbb44f0000 of 64 bytes failed: Only part of a ReadProcessMemory or WriteProcessMemory request was completed. (0x12B)
[0920/004752.052:WARNING:pe_image_reader.cc(340)] could not read dos header from C:\WINDOWS\System32\WINTRUST.dll
[0920/004752.052:ERROR:process_memory_win.cc(73)] ReadMemory at 0x7ffbb4480000 of 64 bytes failed: Only part of a ReadProcessMemory or WriteProcessMemory request was completed. (0x12B)
[0920/004752.052:WARNING:pe_image_reader.cc(340)] could not read dos header from C:\WINDOWS\System32\MSASN1.dll
[0920/004752.053:ERROR:process_memory_win.cc(73)] ReadMemory at 0x7ffbb4950000 of 64 bytes failed: Only part of a ReadProcessMemory or WriteProcessMemory request was completed. (0x12B)
[0920/004752.053:WARNING:pe_image_reader.cc(340)] could not read dos header from C:\WINDOWS\System32\CRYPT32.dll
[0920/004752.053:ERROR:process_memory_win.cc(73)] ReadMemory at 0x7ffbb3990000 of 64 bytes failed: Only part of a ReadProcessMemory or WriteProcessMemory request was completed. (0x12B)
[0920/004752.053:WARNING:pe_image_reader.cc(340)] could not read dos header from C:\WINDOWS\SYSTEM32\IPHLPAPI.DLL
[0920/004752.053:ERROR:process_memory_win.cc(73)] ReadMemory at 0x7ffbb10c0000 of 64 bytes failed: Only part of a ReadProcessMemory or WriteProcessMemory request was completed. (0x12B)
[0920/004752.053:WARNING:pe_image_reader.cc(340)] could not read dos header from C:\WINDOWS\SYSTEM32\WINMM.dll
[0920/004752.053:ERROR:process_memory_win.cc(73)] ReadMemory at 0x7ffb98910000 of 64 bytes failed: Only part of a ReadProcessMemory or WriteProcessMemory request was completed. (0x12B)
[0920/004752.053:WARNING:pe_image_reader.cc(340)] could not read dos header from C:\WINDOWS\SYSTEM32\UIAutomationCore.DLL
[0920/004752.053:ERROR:process_memory_win.cc(73)] ReadMemory at 0x7ffba78d0000 of 64 bytes failed: Only part of a ReadProcessMemory or WriteProcessMemory request was completed. (0x12B)
[0920/004752.054:WARNING:pe_image_reader.cc(340)] could not read dos header from C:\WINDOWS\SYSTEM32\Secur32.dll
[0920/004752.054:ERROR:process_memory_win.cc(73)] ReadMemory at 0x7ffbb4340000 of 64 bytes failed: Only part of a ReadProcessMemory or WriteProcessMemory request was completed. (0x12B)
[0920/004752.054:WARNING:pe_image_reader.cc(340)] could not read dos header from C:\WINDOWS\SYSTEM32\USERENV.dll
[0920/004752.054:ERROR:process_memory_win.cc(73)] ReadMemory at 0x7ffbb44a0000 of 64 bytes failed: Only part of a ReadProcessMemory or WriteProcessMemory request was completed. (0x12B)
[0920/004752.054:WARNING:pe_image_reader.cc(340)] could not read dos header from C:\WINDOWS\System32\profapi.dll
[0920/004752.054:ERROR:process_memory_win.cc(73)] ReadMemory at 0x7ffba68f0000 of 64 bytes failed: Only part of a ReadProcessMemory or WriteProcessMemory request was completed. (0x12B)
[0920/004752.054:WARNING:pe_image_reader.cc(340)] could not read dos header from C:\WINDOWS\SYSTEM32\DWrite.dll
[0920/004752.054:ERROR:process_memory_win.cc(73)] ReadMemory at 0x7ffba6f20000 of 64 bytes failed: Only part of a ReadProcessMemory or WriteProcessMemory request was completed. (0x12B)
[0920/004752.728:WARNING:pe_image_reader.cc(340)] could not read dos header from C:\WINDOWS\SYSTEM32\WINSPOOL.DRV
[0920/004752.729:ERROR:process_memory_win.cc(73)] ReadMemory at 0x7ffbb44d0000 of 64 bytes failed: Only part of a ReadProcessMemory or WriteProcessMemory request was completed. (0x12B)
[0920/004752.729:WARNING:pe_image_reader.cc(340)] could not read dos header from C:\WINDOWS\System32\kernel.appcore.dll
[0920/004752.729:ERROR:process_memory_win.cc(73)] ReadMemory at 0x7ffbb4e60000 of 64 bytes failed: Only part of a ReadProcessMemory or WriteProcessMemory request was completed. (0x12B)
[0920/004752.729:WARNING:pe_image_reader.cc(340)] could not read dos header from C:\WINDOWS\System32\bcrypt.dll
[0920/004752.729:ERROR:process_memory_win.cc(73)] ReadMemory at 0x7ffba24d0000 of 64 bytes failed: Only part of a ReadProcessMemory or WriteProcessMemory request was completed. (0x12B)
[0920/004752.729:WARNING:pe_image_reader.cc(340)] could not read dos header from C:\WINDOWS\SYSTEM32\dbghelp.dll
[0920/004752.729:ERROR:process_memory_win.cc(73)] ReadMemory at 0x7ffba7470000 of 64 bytes failed: Only part of a ReadProcessMemory or WriteProcessMemory request was completed. (0x12B)
[0920/004752.729:WARNING:pe_image_reader.cc(340)] could not read dos header from C:\WINDOWS\SYSTEM32\WINHTTP.dll
[0920/004752.729:ERROR:process_memory_win.cc(73)] ReadMemory at 0x7ffba9120000 of 64 bytes failed: Only part of a ReadProcessMemory or WriteProcessMemory request was completed. (0x12B)
[0920/004752.730:WARNING:pe_image_reader.cc(340)] could not read dos header from C:\WINDOWS\SYSTEM32\dhcpcsvc.DLL
[0920/004752.730:ERROR:process_memory_win.cc(73)] ReadMemory at 0x7ffbb5750000 of 64 bytes failed: Only part of a ReadProcessMemory or WriteProcessMemory request was completed. (0x12B)
[0920/004752.730:WARNING:pe_image_reader.cc(340)] could not read dos header from C:\WINDOWS\System32\NSI.dll
[0920/004752.730:ERROR:process_memory_win.cc(73)] ReadMemory at 0x7ffbb1090000 of 64 bytes failed: Only part of a ReadProcessMemory or WriteProcessMemory request was completed. (0x12B)
[0920/004752.730:WARNING:pe_image_reader.cc(340)] could not read dos header from C:\WINDOWS\SYSTEM32\WINMMBASE.dll
[0920/004752.730:ERROR:process_memory_win.cc(73)] ReadMemory at 0x7ffbb4650000 of 64 bytes failed: Only part of a ReadProcessMemory or WriteProcessMemory request was completed. (0x12B)
[0920/004752.730:WARNING:pe_image_reader.cc(340)] could not read dos header from C:\WINDOWS\System32\cfgmgr32.dll
[0920/004752.730:ERROR:process_memory_win.cc(73)] ReadMemory at 0x7ffbb0da0000 of 64 bytes failed: Only part of a ReadProcessMemory or WriteProcessMemory request was completed. (0x12B)
[0920/004752.730:WARNING:pe_image_reader.cc(340)] could not read dos header from C:\WINDOWS\SYSTEM32\PROPSYS.dll
[0920/004752.731:ERROR:process_memory_win.cc(73)] ReadMemory at 0x7ffbb71a0000 of 64 bytes failed: Only part of a ReadProcessMemory or WriteProcessMemory request was completed. (0x12B)
[0920/004752.731:WARNING:pe_image_reader.cc(340)] could not read dos header from C:\WINDOWS\System32\shcore.dll
[0920/004752.731:ERROR:process_memory_win.cc(73)] ReadMemory at 0x7ffbb4310000 of 64 bytes failed: Only part of a ReadProcessMemory or WriteProcessMemory request was completed. (0x12B)
[0920/004752.731:WARNING:pe_image_reader.cc(340)] could not read dos header from C:\WINDOWS\SYSTEM32\SSPICLI.DLL
[0920/004752.731:ERROR:process_memory_win.cc(73)] ReadMemory at 0x7ffbb3e50000 of 64 bytes failed: Only part of a ReadProcessMemory or WriteProcessMemory request was completed. (0x12B)
[0920/004752.731:WARNING:pe_image_reader.cc(340)] could not read dos header from C:\WINDOWS\SYSTEM32\CRYPTBASE.DLL
[0920/004752.738:ERROR:process_memory_win.cc(73)] ReadMemory at 0x7ff6d3dd0000 of 64 bytes failed: Only part of a ReadProcessMemory or WriteProcessMemory request was completed. (0x12B)
[0920/004752.738:WARNING:pe_image_reader.cc(340)] could not read dos header from C:\Program Files (x86)\Google\Chrome\Application\chrome.exe
[0920/004752.739:ERROR:process_memory_win.cc(73)] ReadMemory at 0x7ffbb7540000 of 64 bytes failed: Only part of a ReadProcessMemory or WriteProcessMemory request was completed. (0x12B)
[0920/004752.739:WARNING:pe_image_reader.cc(340)] could not read dos header from C:\WINDOWS\SYSTEM32\ntdll.dll
[0920/004752.739:ERROR:process_memory_win.cc(73)] ReadMemory at 0x7ffbb5b70000 of 64 bytes failed: Only part of a ReadProcessMemory or WriteProcessMemory request was completed. (0x12B)
[0920/004752.739:WARNING:pe_image_reader.cc(340)] could not read dos header from C:\WINDOWS\System32\KERNEL32.DLL
[0920/004752.739:ERROR:process_memory_win.cc(73)] ReadMemory at 0x7ffbb46a0000 of 64 bytes failed: Only part of a ReadProcessMemory or WriteProcessMemory request was completed. (0x12B)
[0920/004752.739:WARNING:pe_image_reader.cc(340)] could not read dos header from C:\WINDOWS\System32\KERNELBASE.dll
[0920/004752.739:ERROR:process_memory_win.cc(73)] ReadMemory at 0x7ffba1290000 of 64 bytes failed: Only part of a ReadProcessMemory or WriteProcessMemory request was completed. (0x12B)
[0920/004752.739:WARNING:pe_image_reader.cc(340)] could not read dos header from C:\Program Files (x86)\Google\Chrome\Application\85.0.4183.102\chrome_elf.dll
[0920/004752.740:ERROR:process_memory_win.cc(73)] ReadMemory at 0x7ffba6870000 of 64 bytes failed: Only part of a ReadProcessMemory or WriteProcessMemory request was completed. (0x12B)
[0920/004752.740:WARNING:pe_image_reader.cc(340)] could not read dos header from C:\WINDOWS\SYSTEM32\VERSION.dll
[0920/004752.740:ERROR:process_memory_win.cc(73)] ReadMemory at 0x7ffbb6a10000 of 64 bytes failed: Only part of a ReadProcessMemory or WriteProcessMemory request was completed. (0x12B)
[0920/004752.740:WARNING:pe_image_reader.cc(340)] could not read dos header from C:\WINDOWS\System32\msvcrt.dll
[0920/004752.740:ERROR:process_memory_win.cc(73)] ReadMemory at 0x7ffbb4d00000 of 64 bytes failed: Only part of a ReadProcessMemory or WriteProcessMemory request was completed. (0x12B)
[0920/004752.740:WARNING:pe_image_reader.cc(340)] could not read dos header from C:\WINDOWS\System32\bcryptPrimitives.dll
[0920/004752.740:ERROR:process_memory_win.cc(73)] ReadMemory at 0x7ffbb5ca0000 of 64 bytes failed: Only part of a ReadProcessMemory or WriteProcessMemory request was completed. (0x12B)
[0920/004752.740:WARNING:pe_image_reader.cc(340)] could not read dos header from C:\WINDOWS\System32\ADVAPI32.dll
[0920/004752.740:ERROR:process_memory_win.cc(73)] ReadMemory at 0x7ffbb6fb0000 of 64 bytes failed: Only part of a ReadProcessMemory or WriteProcessMemory request was completed. (0x12B)
[0920/004752.740:WARNING:pe_image_reader.cc(340)] could not read dos header from C:\WINDOWS\System32\sechost.dll
[0920/004752.741:ERROR:process_memory_win.cc(73)] ReadMemory at 0x7ffbb7080000 of 64 bytes failed: Only part of a ReadProcessMemory or WriteProcessMemory request was completed. (0x12B)
[0920/004752.741:WARNING:pe_image_reader.cc(340)] could not read dos header from C:\WINDOWS\System32\RPCRT4.dll
[0920/004752.741:ERROR:process_memory_win.cc(73)] ReadMemory at 0x7ffb7a750000 of 64 bytes failed: Only part of a ReadProcessMemory or WriteProcessMemory request was completed. (0x12B)
[0920/004752.741:WARNING:pe_image_reader.cc(340)] could not read dos header from C:\Program Files (x86)\Google\Chrome\Application\85.0.4183.102\chrome.dll
[0920/004752.741:ERROR:process_memory_win.cc(73)] ReadMemory at 0x7ffbb7270000 of 64 bytes failed: Only part of a ReadProcessMemory or WriteProcessMemory request was completed. (0x12B)
[0920/004752.741:WARNING:pe_image_reader.cc(340)] could not read dos header from C:\WINDOWS\System32\WS2_32.dll
[0920/004752.741:ERROR:process_memory_win.cc(73)] ReadMemory at 0x7ffbb5760000 of 64 bytes failed: Only part of a ReadProcessMemory or WriteProcessMemory request was completed. (0x12B)
[0920/004752.741:WARNING:pe_image_reader.cc(340)] could not read dos header from C:\WINDOWS\System32\OLEAUT32.dll
[0920/004752.742:ERROR:process_memory_win.cc(73)] ReadMemory at 0x7ffbb4aa0000 of 64 bytes failed: Only part of a ReadProcessMemory or WriteProcessMemory request was completed. (0x12B)
[0920/004752.941:WARNING:pe_image_reader.cc(340)] could not read dos header from C:\WINDOWS\System32\msvcp_win.dll
[0920/004752.941:ERROR:process_memory_win.cc(73)] ReadMemory at 0x7ffbb4550000 of 64 bytes failed: Only part of a ReadProcessMemory or WriteProcessMemory request was completed. (0x12B)
[0920/004752.941:WARNING:pe_image_reader.cc(340)] could not read dos header from C:\WINDOWS\System32\ucrtbase.dll
[0920/004752.941:ERROR:process_memory_win.cc(73)] ReadMemory at 0x7ffbb6c60000 of 64 bytes failed: Only part of a ReadProcessMemory or WriteProcessMemory request was completed. (0x12B)
[0920/004752.941:WARNING:pe_image_reader.cc(340)] could not read dos header from C:\WINDOWS\System32\combase.dll
[0920/004752.942:ERROR:process_memory_win.cc(73)] ReadMemory at 0x7ffbb44f0000 of 64 bytes failed: Only part of a ReadProcessMemory or WriteProcessMemory request was completed. (0x12B)
[0920/004752.942:WARNING:pe_image_reader.cc(340)] could not read dos header from C:\WINDOWS\System32\WINTRUST.dll
[0920/004752.942:ERROR:process_memory_win.cc(73)] ReadMemory at 0x7ffbb4480000 of 64 bytes failed: Only part of a ReadProcessMemory or WriteProcessMemory request was completed. (0x12B)
[0920/004752.942:WARNING:pe_image_reader.cc(340)] could not read dos header from C:\WINDOWS\System32\MSASN1.dll
[0920/004752.942:ERROR:process_memory_win.cc(73)] ReadMemory at 0x7ffbb4950000 of 64 bytes failed: Only part of a ReadProcessMemory or WriteProcessMemory request was completed. (0x12B)
[0920/004752.942:WARNING:pe_image_reader.cc(340)] could not read dos header from C:\WINDOWS\System32\CRYPT32.dll
[0920/004752.942:ERROR:process_memory_win.cc(73)] ReadMemory at 0x7ffbb3990000 of 64 bytes failed: Only part of a ReadProcessMemory or WriteProcessMemory request was completed. (0x12B)
[0920/004752.942:WARNING:pe_image_reader.cc(340)] could not read dos header from C:\WINDOWS\SYSTEM32\IPHLPAPI.DLL
[0920/004752.942:ERROR:process_memory_win.cc(73)] ReadMemory at 0x7ffbb10c0000 of 64 bytes failed: Only part of a ReadProcessMemory or WriteProcessMemory request was completed. (0x12B)
[0920/004752.942:WARNING:pe_image_reader.cc(340)] could not read dos header from C:\WINDOWS\SYSTEM32\WINMM.dll
[0920/004752.943:ERROR:process_memory_win.cc(73)] ReadMemory at 0x7ffb98910000 of 64 bytes failed: Only part of a ReadProcessMemory or WriteProcessMemory request was completed. (0x12B)
[0920/004752.943:WARNING:pe_image_reader.cc(340)] could not read dos header from C:\WINDOWS\SYSTEM32\UIAutomationCore.DLL
[0920/004752.943:ERROR:process_memory_win.cc(73)] ReadMemory at 0x7ffba78d0000 of 64 bytes failed: Only part of a ReadProcessMemory or WriteProcessMemory request was completed. (0x12B)
[0920/004752.943:WARNING:pe_image_reader.cc(340)] could not read dos header from C:\WINDOWS\SYSTEM32\Secur32.dll
[0920/004752.943:ERROR:process_memory_win.cc(73)] ReadMemory at 0x7ffbb4340000 of 64 bytes failed: Only part of a ReadProcessMemory or WriteProcessMemory request was completed. (0x12B)
[0920/004752.943:WARNING:pe_image_reader.cc(340)] could not read dos header from C:\WINDOWS\SYSTEM32\USERENV.dll
[0920/004752.943:ERROR:process_memory_win.cc(73)] ReadMemory at 0x7ffbb44a0000 of 64 bytes failed: Only part of a ReadProcessMemory or WriteProcessMemory request was completed. (0x12B)
[0920/004752.943:WARNING:pe_image_reader.cc(340)] could not read dos header from C:\WINDOWS\System32\profapi.dll
[0920/004752.944:ERROR:process_memory_win.cc(73)] ReadMemory at 0x7ffba68f0000 of 64 bytes failed: Only part of a ReadProcessMemory or WriteProcessMemory request was completed. (0x12B)
[0920/004752.944:WARNING:pe_image_reader.cc(340)] could not read dos header from C:\WINDOWS\SYSTEM32\DWrite.dll
[0920/004752.944:ERROR:process_memory_win.cc(73)] ReadMemory at 0x7ffba6f20000 of 64 bytes failed: Only part of a ReadProcessMemory or WriteProcessMemory request was completed. (0x12B)
[0920/004752.944:WARNING:pe_image_reader.cc(340)] could not read dos header from C:\WINDOWS\SYSTEM32\WINSPOOL.DRV
[0920/004752.944:ERROR:process_memory_win.cc(73)] ReadMemory at 0x7ffbb44d0000 of 64 bytes failed: Only part of a ReadProcessMemory or WriteProcessMemory request was completed. (0x12B)
[0920/004752.944:WARNING:pe_image_reader.cc(340)] could not read dos header from C:\WINDOWS\System32\kernel.appcore.dll
[0920/004752.944:ERROR:process_memory_win.cc(73)] ReadMemory at 0x7ffbb4e60000 of 64 bytes failed: Only part of a ReadProcessMemory or WriteProcessMemory request was completed. (0x12B)
[0920/004752.944:WARNING:pe_image_reader.cc(340)] could not read dos header from C:\WINDOWS\System32\bcrypt.dll
[0920/004752.944:ERROR:process_memory_win.cc(73)] ReadMemory at 0x7ffba24d0000 of 64 bytes failed: Only part of a ReadProcessMemory or WriteProcessMemory request was completed. (0x12B)
[0920/004752.944:WARNING:pe_image_reader.cc(340)] could not read dos header from C:\WINDOWS\SYSTEM32\dbghelp.dll
[0920/004752.945:ERROR:process_memory_win.cc(73)] ReadMemory at 0x7ffba7470000 of 64 bytes failed: Only part of a ReadProcessMemory or WriteProcessMemory request was completed. (0x12B)
[0920/004752.945:WARNING:pe_image_reader.cc(340)] could not read dos header from C:\WINDOWS\SYSTEM32\WINHTTP.dll
[0920/004752.945:ERROR:process_memory_win.cc(73)] ReadMemory at 0x7ffba9120000 of 64 bytes failed: Only part of a ReadProcessMemory or WriteProcessMemory request was completed. (0x12B)
[0920/004752.945:WARNING:pe_image_reader.cc(340)] could not read dos header from C:\WINDOWS\SYSTEM32\dhcpcsvc.DLL
[0920/004752.945:ERROR:process_memory_win.cc(73)] ReadMemory at 0x7ffbb5750000 of 64 bytes failed: Only part of a ReadProcessMemory or WriteProcessMemory request was completed. (0x12B)
[0920/004752.945:WARNING:pe_image_reader.cc(340)] could not read dos header from C:\WINDOWS\System32\NSI.dll
[0920/004752.945:ERROR:process_memory_win.cc(73)] ReadMemory at 0x7ffbb1090000 of 64 bytes failed: Only part of a ReadProcessMemory or WriteProcessMemory request was completed. (0x12B)
[0920/004752.945:WARNING:pe_image_reader.cc(340)] could not read dos header from C:\WINDOWS\SYSTEM32\WINMMBASE.dll
[0920/004752.946:ERROR:process_memory_win.cc(73)] ReadMemory at 0x7ffbb4650000 of 64 bytes failed: Only part of a ReadProcessMemory or WriteProcessMemory request was completed. (0x12B)
[0920/004752.946:WARNING:pe_image_reader.cc(340)] could not read dos header from C:\WINDOWS\System32\cfgmgr32.dll
[0920/004752.946:ERROR:process_memory_win.cc(73)] ReadMemory at 0x7ffbb0da0000 of 64 bytes failed: Only part of a ReadProcessMemory or WriteProcessMemory request was completed. (0x12B)
[0920/004752.946:WARNING:pe_image_reader.cc(340)] could not read dos header from C:\WINDOWS\SYSTEM32\PROPSYS.dll
[0920/004752.946:ERROR:process_memory_win.cc(73)] ReadMemory at 0x7ffbb71a0000 of 64 bytes failed: Only part of a ReadProcessMemory or WriteProcessMemory request was completed. (0x12B)
[0920/004752.946:WARNING:pe_image_reader.cc(340)] could not read dos header from C:\WINDOWS\System32\shcore.dll
[0920/004752.946:ERROR:process_memory_win.cc(73)] ReadMemory at 0x7ffbb4310000 of 64 bytes failed: Only part of a ReadProcessMemory or WriteProcessMemory request was completed. (0x12B)
[0920/004752.946:WARNING:pe_image_reader.cc(340)] could not read dos header from C:\WINDOWS\SYSTEM32\SSPICLI.DLL
[0920/004752.946:ERROR:process_memory_win.cc(73)] ReadMemory at 0x7ffbb3e50000 of 64 bytes failed: Only part of a ReadProcessMemory or WriteProcessMemory request was completed. (0x12B)
[0920/004752.946:WARNING:pe_image_reader.cc(340)] could not read dos header from C:\WINDOWS\SYSTEM32\CRYPTBASE.DLL
[0920/004752.947:ERROR:process_memory_win.cc(73)] ReadMemory at 0x7ff6d3dd0000 of 64 bytes failed: Only part of a ReadProcessMemory or WriteProcessMemory request was completed. (0x12B)
[0920/004752.947:WARNING:pe_image_reader.cc(340)] could not read dos header from C:\Program Files (x86)\Google\Chrome\Application\chrome.exe
[0920/004752.947:ERROR:process_memory_win.cc(73)] ReadMemory at 0x7ffbb7540000 of 64 bytes failed: Only part of a ReadProcessMemory or WriteProcessMemory request was completed. (0x12B)
[0920/004752.947:WARNING:pe_image_reader.cc(340)] could not read dos header from C:\WINDOWS\SYSTEM32\ntdll.dll
[0920/004752.947:ERROR:process_memory_win.cc(73)] ReadMemory at 0x7ffbb5b70000 of 64 bytes failed: Only part of a ReadProcessMemory or WriteProcessMemory request was completed. (0x12B)
[0920/004752.947:WARNING:pe_image_reader.cc(340)] could not read dos header from C:\WINDOWS\System32\KERNEL32.DLL
[0920/004752.947:ERROR:process_memory_win.cc(73)] ReadMemory at 0x7ffbb46a0000 of 64 bytes failed: Only part of a ReadProcessMemory or WriteProcessMemory request was completed. (0x12B)
[0920/004752.947:WARNING:pe_image_reader.cc(340)] could not read dos header from C:\WINDOWS\System32\KERNELBASE.dll
[0920/004752.948:ERROR:process_memory_win.cc(73)] ReadMemory at 0x7ffba1290000 of 64 bytes failed: Only part of a ReadProcessMemory or WriteProcessMemory request was completed. (0x12B)
[0920/004752.948:WARNING:pe_image_reader.cc(340)] could not read dos header from C:\Program Files (x86)\Google\Chrome\Application\85.0.4183.102\chrome_elf.dll
[0920/004752.948:ERROR:process_memory_win.cc(73)] ReadMemory at 0x7ffba6870000 of 64 bytes failed: Only part of a ReadProcessMemory or WriteProcessMemory request was completed. (0x12B)
[0920/004752.948:WARNING:pe_image_reader.cc(340)] could not read dos header from C:\WINDOWS\SYSTEM32\VERSION.dll
[0920/004752.948:ERROR:process_memory_win.cc(73)] ReadMemory at 0x7ffbb6a10000 of 64 bytes failed: Only part of a ReadProcessMemory or WriteProcessMemory request was completed. (0x12B)
[0920/004752.948:WARNING:pe_image_reader.cc(340)] could not read dos header from C:\WINDOWS\System32\msvcrt.dll
[0920/004752.948:ERROR:process_memory_win.cc(73)] ReadMemory at 0x7ffbb4d00000 of 64 bytes failed: Only part of a ReadProcessMemory or WriteProcessMemory request was completed. (0x12B)
[0920/004752.948:WARNING:pe_image_reader.cc(340)] could not read dos header from C:\WINDOWS\System32\bcryptPrimitives.dll
[0920/004752.948:ERROR:process_memory_win.cc(73)] ReadMemory at 0x7ffbb5ca0000 of 64 bytes failed: Only part of a ReadProcessMemory or WriteProcessMemory request was completed. (0x12B)
[0920/004752.948:WARNING:pe_image_reader.cc(340)] could not read dos header from C:\WINDOWS\System32\ADVAPI32.dll
[0920/004752.949:ERROR:process_memory_win.cc(73)] ReadMemory at 0x7ffbb6fb0000 of 64 bytes failed: Only part of a ReadProcessMemory or WriteProcessMemory request was completed. (0x12B)
[0920/004752.949:WARNING:pe_image_reader.cc(340)] could not read dos header from C:\WINDOWS\System32\sechost.dll
[0920/004752.949:ERROR:process_memory_win.cc(73)] ReadMemory at 0x7ffbb7080000 of 64 bytes failed: Only part of a ReadProcessMemory or WriteProcessMemory request was completed. (0x12B)
[0920/004752.949:WARNING:pe_image_reader.cc(340)] could not read dos header from C:\WINDOWS\System32\RPCRT4.dll
[0920/004752.949:ERROR:process_memory_win.cc(73)] ReadMemory at 0x7ffb7a750000 of 64 bytes failed: Only part of a ReadProcessMemory or WriteProcessMemory request was completed. (0x12B)
[0920/004752.949:WARNING:pe_image_reader.cc(340)] could not read dos header from C:\Program Files (x86)\Google\Chrome\Application\85.0.4183.102\chrome.dll
[0920/004752.949:ERROR:process_memory_win.cc(73)] ReadMemory at 0x7ffbb7270000 of 64 bytes failed: Only part of a ReadProcessMemory or WriteProcessMemory request was completed. (0x12B)
[0920/004752.949:WARNING:pe_image_reader.cc(340)] could not read dos header from C:\WINDOWS\System32\WS2_32.dll
[0920/004752.950:ERROR:process_memory_win.cc(73)] ReadMemory at 0x7ffbb5760000 of 64 bytes failed: Only part of a ReadProcessMemory or WriteProcessMemory request was completed. (0x12B)
[0920/004752.950:WARNING:pe_image_reader.cc(340)] could not read dos header from C:\WINDOWS\System32\OLEAUT32.dll
[0920/004752.950:ERROR:process_memory_win.cc(73)] ReadMemory at 0x7ffbb4aa0000 of 64 bytes failed: Only part of a ReadProcessMemory or WriteProcessMemory request was completed. (0x12B)
[0920/004752.950:WARNING:pe_image_reader.cc(340)] could not read dos header from C:\WINDOWS\System32\msvcp_win.dll
[0920/004752.950:ERROR:process_memory_win.cc(73)] ReadMemory at 0x7ffbb4550000 of 64 bytes failed: Only part of a ReadProcessMemory or WriteProcessMemory request was completed. (0x12B)
[0920/004752.950:WARNING:pe_image_reader.cc(340)] could not read dos header from C:\WINDOWS\System32\ucrtbase.dll
[0920/004752.950:ERROR:process_memory_win.cc(73)] ReadMemory at 0x7ffbb6c60000 of 64 bytes failed: Only part of a ReadProcessMemory or WriteProcessMemory request was completed. (0x12B)
[0920/004752.950:WARNING:pe_image_reader.cc(340)] could not read dos header from C:\WINDOWS\System32\combase.dll
[0920/004752.950:ERROR:process_memory_win.cc(73)] ReadMemory at 0x7ffbb44f0000 of 64 bytes failed: Only part of a ReadProcessMemory or WriteProcessMemory request was completed. (0x12B)
[0920/004752.951:WARNING:pe_image_reader.cc(340)] could not read dos header from C:\WINDOWS\System32\WINTRUST.dll
[0920/004752.951:ERROR:process_memory_win.cc(73)] ReadMemory at 0x7ffbb4480000 of 64 bytes failed: Only part of a ReadProcessMemory or WriteProcessMemory request was completed. (0x12B)
[0920/004752.951:WARNING:pe_image_reader.cc(340)] could not read dos header from C:\WINDOWS\System32\MSASN1.dll
[0920/004752.951:ERROR:process_memory_win.cc(73)] ReadMemory at 0x7ffbb4950000 of 64 bytes failed: Only part of a ReadProcessMemory or WriteProcessMemory request was completed. (0x12B)
[0920/004752.951:WARNING:pe_image_reader.cc(340)] could not read dos header from C:\WINDOWS\System32\CRYPT32.dll
[0920/004752.951:ERROR:process_memory_win.cc(73)] ReadMemory at 0x7ffbb3990000 of 64 bytes failed: Only part of a ReadProcessMemory or WriteProcessMemory request was completed. (0x12B)
[0920/004752.951:WARNING:pe_image_reader.cc(340)] could not read dos header from C:\WINDOWS\SYSTEM32\IPHLPAPI.DLL
[0920/004752.951:ERROR:process_memory_win.cc(73)] ReadMemory at 0x7ffbb10c0000 of 64 bytes failed: Only part of a ReadProcessMemory or WriteProcessMemory request was completed. (0x12B)
[0920/004752.951:WARNING:pe_image_reader.cc(340)] could not read dos header from C:\WINDOWS\SYSTEM32\WINMM.dll
[0920/004752.952:ERROR:process_memory_win.cc(73)] ReadMemory at 0x7ffb98910000 of 64 bytes failed: Only part of a ReadProcessMemory or WriteProcessMemory request was completed. (0x12B)
[0920/004752.952:WARNING:pe_image_reader.cc(340)] could not read dos header from C:\WINDOWS\SYSTEM32\UIAutomationCore.DLL
[0920/004752.952:ERROR:process_memory_win.cc(73)] ReadMemory at 0x7ffba78d0000 of 64 bytes failed: Only part of a ReadProcessMemory or WriteProcessMemory request was completed. (0x12B)
[0920/004752.952:WARNING:pe_image_reader.cc(340)] could not read dos header from C:\WINDOWS\SYSTEM32\Secur32.dll
[0920/004752.952:ERROR:process_memory_win.cc(73)] ReadMemory at 0x7ffbb4340000 of 64 bytes failed: Only part of a ReadProcessMemory or WriteProcessMemory request was completed. (0x12B)
[0920/004752.952:WARNING:pe_image_reader.cc(340)] could not read dos header from C:\WINDOWS\SYSTEM32\USERENV.dll
[0920/004752.952:ERROR:process_memory_win.cc(73)] ReadMemory at 0x7ffbb44a0000 of 64 bytes failed: Only part of a ReadProcessMemory or WriteProcessMemory request was completed. (0x12B)
[0920/004752.952:WARNING:pe_image_reader.cc(340)] could not read dos header from C:\WINDOWS\System32\profapi.dll
[0920/004752.953:ERROR:process_memory_win.cc(73)] ReadMemory at 0x7ffba68f0000 of 64 bytes failed: Only part of a ReadProcessMemory or WriteProcessMemory request was completed. (0x12B)
[0920/004752.953:WARNING:pe_image_reader.cc(340)] could not read dos header from C:\WINDOWS\SYSTEM32\DWrite.dll
[0920/004752.953:ERROR:process_memory_win.cc(73)] ReadMemory at 0x7ffba6f20000 of 64 bytes failed: Only part of a ReadProcessMemory or WriteProcessMemory request was completed. (0x12B)
[0920/004752.953:WARNING:pe_image_reader.cc(340)] could not read dos header from C:\WINDOWS\SYSTEM32\WINSPOOL.DRV
[0920/004752.953:ERROR:process_memory_win.cc(73)] ReadMemory at 0x7ffbb44d0000 of 64 bytes failed: Only part of a ReadProcessMemory or WriteProcessMemory request was completed. (0x12B)
[0920/004752.953:WARNING:pe_image_reader.cc(340)] could not read dos header from C:\WINDOWS\System32\kernel.appcore.dll
[0920/004752.953:ERROR:process_memory_win.cc(73)] ReadMemory at 0x7ffbb4e60000 of 64 bytes failed: Only part of a ReadProcessMemory or WriteProcessMemory request was completed. (0x12B)
[0920/004752.953:WARNING:pe_image_reader.cc(340)] could not read dos header from C:\WINDOWS\System32\bcrypt.dll
[0920/004752.954:ERROR:process_memory_win.cc(73)] ReadMemory at 0x7ffba24d0000 of 64 bytes failed: Only part of a ReadProcessMemory or WriteProcessMemory request was completed. (0x12B)
[0920/004752.954:WARNING:pe_image_reader.cc(340)] could not read dos header from C:\WINDOWS\SYSTEM32\dbghelp.dll
[0920/004752.954:ERROR:process_memory_win.cc(73)] ReadMemory at 0x7ffba7470000 of 64 bytes failed: Only part of a ReadProcessMemory or WriteProcessMemory request was completed. (0x12B)
[0920/004752.954:WARNING:pe_image_reader.cc(340)] could not read dos header from C:\WINDOWS\SYSTEM32\WINHTTP.dll
[0920/004752.954:ERROR:process_memory_win.cc(73)] ReadMemory at 0x7ffba9120000 of 64 bytes failed: Only part of a ReadProcessMemory or WriteProcessMemory request was completed. (0x12B)
[0920/004752.954:WARNING:pe_image_reader.cc(340)] could not read dos header from C:\WINDOWS\SYSTEM32\dhcpcsvc.DLL
[0920/004752.954:ERROR:process_memory_win.cc(73)] ReadMemory at 0x7ffbb5750000 of 64 bytes failed: Only part of a ReadProcessMemory or WriteProcessMemory request was completed. (0x12B)
[0920/004752.954:WARNING:pe_image_reader.cc(340)] could not read dos header from C:\WINDOWS\System32\NSI.dll
[0920/004752.954:ERROR:process_memory_win.cc(73)] ReadMemory at 0x7ffbb1090000 of 64 bytes failed: Only part of a ReadProcessMemory or WriteProcessMemory request was completed. (0x12B)
[0920/004752.955:WARNING:pe_image_reader.cc(340)] could not read dos header from C:\WINDOWS\SYSTEM32\WINMMBASE.dll
[0920/004752.955:ERROR:process_memory_win.cc(73)] ReadMemory at 0x7ffbb4650000 of 64 bytes failed: Only part of a ReadProcessMemory or WriteProcessMemory request was completed. (0x12B)
[0920/004752.955:WARNING:pe_image_reader.cc(340)] could not read dos header from C:\WINDOWS\System32\cfgmgr32.dll
[0920/004752.955:ERROR:process_memory_win.cc(73)] ReadMemory at 0x7ffbb0da0000 of 64 bytes failed: Only part of a ReadProcessMemory or WriteProcessMemory request was completed. (0x12B)
[0920/004752.955:WARNING:pe_image_reader.cc(340)] could not read dos header from C:\WINDOWS\SYSTEM32\PROPSYS.dll
[0920/004752.955:ERROR:process_memory_win.cc(73)] ReadMemory at 0x7ffbb71a0000 of 64 bytes failed: Only part of a ReadProcessMemory or WriteProcessMemory request was completed. (0x12B)
[0920/004752.955:WARNING:pe_image_reader.cc(340)] could not read dos header from C:\WINDOWS\System32\shcore.dll
[0920/004752.956:ERROR:process_memory_win.cc(73)] ReadMemory at 0x7ffbb4310000 of 64 bytes failed: Only part of a ReadProcessMemory or WriteProcessMemory request was completed. (0x12B)
[0920/004752.956:WARNING:pe_image_reader.cc(340)] could not read dos header from C:\WINDOWS\SYSTEM32\SSPICLI.DLL
[0920/004752.956:ERROR:process_memory_win.cc(73)] ReadMemory at 0x7ffbb3e50000 of 64 bytes failed: Only part of a ReadProcessMemory or WriteProcessMemory request was completed. (0x12B)
[0920/004752.956:WARNING:pe_image_reader.cc(340)] could not read dos header from C:\WINDOWS\SYSTEM32\CRYPTBASE.DLL
[0920/004753.432:ERROR:process_memory_win.cc(73)] ReadMemory at 0xb8c13e7000 of 102400 bytes failed: Only part of a ReadProcessMemory or WriteProcessMemory request was completed. (0x12B)
[0920/004753.432:ERROR:process_memory_win.cc(73)] ReadMemory at 0xb8c1bfd000 of 12288 bytes failed: Only part of a ReadProcessMemory or WriteProcessMemory request was completed. (0x12B)
[0920/004753.432:ERROR:process_memory_win.cc(73)] ReadMemory at 0xb8c2bfc000 of 16384 bytes failed: Only part of a ReadProcessMemory or WriteProcessMemory request was completed. (0x12B)
[0920/004753.432:ERROR:process_memory_win.cc(73)] ReadMemory at 0xb8c33fc000 of 16384 bytes failed: Only part of a ReadProcessMemory or WriteProcessMemory request was completed. (0x12B)
[0920/004753.432:ERROR:process_memory_win.cc(73)] ReadMemory at 0xb8c3bff000 of 4096 bytes failed: Only part of a ReadProcessMemory or WriteProcessMemory request was completed. (0x12B)
[0920/004753.432:ERROR:process_memory_win.cc(73)] ReadMemory at 0xb8c43fd000 of 12288 bytes failed: Only part of a ReadProcessMemory or WriteProcessMemory request was completed. (0x12B)
[0920/004753.432:ERROR:process_memory_win.cc(73)] ReadMemory at 0xb8c4bfc000 of 16384 bytes failed: Only part of a ReadProcessMemory or WriteProcessMemory request was completed. (0x12B)
[0920/004753.433:ERROR:process_memory_win.cc(73)] ReadMemory at 0xb8c5bfd000 of 12288 bytes failed: Only part of a ReadProcessMemory or WriteProcessMemory request was completed. (0x12B)
[0920/004753.433:ERROR:process_memory_win.cc(73)] ReadMemory at 0xb8c63fd000 of 12288 bytes failed: Only part of a ReadProcessMemory or WriteProcessMemory request was completed. (0x12B)
[0920/004753.433:ERROR:process_memory_win.cc(73)] ReadMemory at 0xb8c6bfd000 of 12288 bytes failed: Only part of a ReadProcessMemory or WriteProcessMemory request was completed. (0x12B)
[0920/004753.433:ERROR:process_memory_win.cc(73)] ReadMemory at 0xb8c73fd000 of 12288 bytes failed: Only part of a ReadProcessMemory or WriteProcessMemory request was completed. (0x12B)
[0920/004753.433:ERROR:process_memory_win.cc(73)] ReadMemory at 0xb8c23fd000 of 12288 bytes failed: Only part of a ReadProcessMemory or WriteProcessMemory request was completed. (0x12B)
[0920/004753.433:ERROR:process_memory_win.cc(73)] ReadMemory at 0xb8c7bfc000 of 16384 bytes failed: Only part of a ReadProcessMemory or WriteProcessMemory request was completed. (0x12B)
[0920/004753.433:ERROR:process_memory_win.cc(73)] ReadMemory at 0xb8c53fe000 of 8192 bytes failed: Only part of a ReadProcessMemory or WriteProcessMemory request was completed. (0x12B)
[0920/004753.433:ERROR:process_memory_win.cc(73)] ReadMemory at 0xb8c83fd000 of 12288 bytes failed: Only part of a ReadProcessMemory or WriteProcessMemory request was completed. (0x12B)
[0920/004753.457:ERROR:process_memory_win.cc(73)] ReadMemory at 0xb8c0b56000 of 852 bytes failed: Only part of a ReadProcessMemory or WriteProcessMemory request was completed. (0x12B)
[0920/004753.516:ERROR:process_memory_win.cc(73)] ReadMemory at 0xb8c0b57000 of 6024 bytes failed: Only part of a ReadProcessMemory or WriteProcessMemory request was completed. (0x12B)
[0920/004753.517:ERROR:process_memory_win.cc(73)] ReadMemory at 0xb8c0b59000 of 6024 bytes failed: Only part of a ReadProcessMemory or WriteProcessMemory request was completed. (0x12B)
[0920/004753.518:ERROR:process_memory_win.cc(73)] ReadMemory at 0xb8c0b5d000 of 6024 bytes failed: Only part of a ReadProcessMemory or WriteProcessMemory request was completed. (0x12B)
[0920/004753.521:ERROR:process_memory_win.cc(73)] ReadMemory at 0xb8c0b5f000 of 6024 bytes failed: Only part of a ReadProcessMemory or WriteProcessMemory request was completed. (0x12B)
[0920/004753.522:ERROR:process_memory_win.cc(73)] ReadMemory at 0xb8c0b61000 of 6024 bytes failed: Only part of a ReadProcessMemory or WriteProcessMemory request was completed. (0x12B)
[0920/004753.522:ERROR:process_memory_win.cc(73)] ReadMemory at 0xb8c0b63000 of 6024 bytes failed: Only part of a ReadProcessMemory or WriteProcessMemory request was completed. (0x12B)
[0920/004753.523:ERROR:process_memory_win.cc(73)] ReadMemory at 0xb8c0b65000 of 6024 bytes failed: Only part of a ReadProcessMemory or WriteProcessMemory request was completed. (0x12B)
[0920/004753.523:ERROR:process_memory_win.cc(73)] ReadMemory at 0xb8c0b69000 of 6024 bytes failed: Only part of a ReadProcessMemory or WriteProcessMemory request was completed. (0x12B)
[0920/004753.523:ERROR:process_memory_win.cc(73)] ReadMemory at 0xb8c0b6b000 of 6024 bytes failed: Only part of a ReadProcessMemory or WriteProcessMemory request was completed. (0x12B)
[0920/004753.524:ERROR:process_memory_win.cc(73)] ReadMemory at 0xb8c0b6d000 of 6024 bytes failed: Only part of a ReadProcessMemory or WriteProcessMemory request was completed. (0x12B)
[0920/004753.715:ERROR:process_memory_win.cc(73)] ReadMemory at 0xb8c0b6f000 of 6024 bytes failed: Only part of a ReadProcessMemory or WriteProcessMemory request was completed. (0x12B)
[0920/004753.715:ERROR:process_memory_win.cc(73)] ReadMemory at 0xb8c0b79000 of 6024 bytes failed: Only part of a ReadProcessMemory or WriteProcessMemory request was completed. (0x12B)
[0920/004753.716:ERROR:process_memory_win.cc(73)] ReadMemory at 0xb8c0b89000 of 6024 bytes failed: Only part of a ReadProcessMemory or WriteProcessMemory request was completed. (0x12B)
[0920/004753.716:ERROR:process_memory_win.cc(73)] ReadMemory at 0xb8c0b99000 of 6024 bytes failed: Only part of a ReadProcessMemory or WriteProcessMemory request was completed. (0x12B)
[0920/004753.716:ERROR:process_memory_win.cc(73)] ReadMemory at 0xb8c0b9b000 of 6024 bytes failed: Only part of a ReadProcessMemory or WriteProcessMemory request was completed. (0x12B)
[0920/004753.716:ERROR:process_memory_win.cc(73)] ReadMemory at 0x24d62490fe0 of 4450 bytes failed: Only part of a ReadProcessMemory or WriteProcessMemory request was completed. (0x12B)
[0920/004753.717:ERROR:process_memory_win.cc(73)] ReadMemory at 0x24d62492150 of 1012 bytes failed: Only part of a ReadProcessMemory or WriteProcessMemory request was completed. (0x12B)
[0920/004753.717:ERROR:process_memory_win.cc(73)] ReadMemory at 0x24d62492798 of 118 bytes failed: Only part of a ReadProcessMemory or WriteProcessMemory request was completed. (0x12B)
[0920/004753.717:ERROR:process_memory_win.cc(73)] ReadMemory at 0x24d62492810 of 754 bytes failed: Only part of a ReadProcessMemory or WriteProcessMemory request was completed. (0x12B)
[0920/004753.717:ERROR:process_memory_win.cc(73)] ReadMemory at 0x24d62492b04 of 118 bytes failed: Only part of a ReadProcessMemory or WriteProcessMemory request was completed. (0x12B)
[0920/004753.717:ERROR:process_memory_win.cc(73)] ReadMemory at 0x24d62492b7c of 100 bytes failed: Only part of a ReadProcessMemory or WriteProcessMemory request was completed. (0x12B)
[0920/004753.717:ERROR:process_memory_win.cc(73)] ReadMemory at 0x24d62492bf0 of 58 bytes failed: Only part of a ReadProcessMemory or WriteProcessMemory request was completed. (0x12B)
[0920/004753.717:ERROR:process_memory_win.cc(73)] ReadMemory at 0x24d62492cf0 of 132 bytes failed: Only part of a ReadProcessMemory or WriteProcessMemory request was completed. (0x12B)
[0920/004753.717:ERROR:process_memory_win.cc(73)] ReadMemory at 0x24d62492e80 of 132 bytes failed: Only part of a ReadProcessMemory or WriteProcessMemory request was completed. (0x12B)
[0920/004753.739:ERROR:process_memory_win.cc(73)] ReadMemory at 0x24d62493040 of 126 bytes failed: Only part of a ReadProcessMemory or WriteProcessMemory request was completed. (0x12B)
[0920/004753.739:ERROR:process_memory_win.cc(73)] ReadMemory at 0x24d62493420 of 132 bytes failed: Only part of a ReadProcessMemory or WriteProcessMemory request was completed. (0x12B)
[0920/004753.739:ERROR:process_memory_win.cc(73)] ReadMemory at 0x24d624935b0 of 64 bytes failed: Only part of a ReadProcessMemory or WriteProcessMemory request was completed. (0x12B)
[0920/004753.739:ERROR:process_memory_win.cc(73)] ReadMemory at 0x24d62493770 of 132 bytes failed: Only part of a ReadProcessMemory or WriteProcessMemory request was completed. (0x12B)
[0920/004753.739:ERROR:process_memory_win.cc(73)] ReadMemory at 0x24d62493a10 of 132 bytes failed: Only part of a ReadProcessMemory or WriteProcessMemory request was completed. (0x12B)
[0920/004753.739:ERROR:process_memory_win.cc(73)] ReadMemory at 0x24d62493ba0 of 68 bytes failed: Only part of a ReadProcessMemory or WriteProcessMemory request was completed. (0x12B)
[0920/004753.739:ERROR:process_memory_win.cc(73)] ReadMemory at 0x24d62494c70 of 132 bytes failed: Only part of a ReadProcessMemory or WriteProcessMemory request was completed. (0x12B)
[0920/004753.740:ERROR:process_memory_win.cc(73)] ReadMemory at 0x24d62494e00 of 154 bytes failed: Only part of a ReadProcessMemory or WriteProcessMemory request was completed. (0x12B)
[0920/004753.740:ERROR:process_memory_win.cc(73)] ReadMemory at 0x24d62495bf0 of 62 bytes failed: Only part of a ReadProcessMemory or WriteProcessMemory request was completed. (0x12B)
[0920/004753.740:ERROR:process_memory_win.cc(73)] ReadMemory at 0x24d62495de0 of 132 bytes failed: Only part of a ReadProcessMemory or WriteProcessMemory request was completed. (0x12B)
[0920/004753.740:ERROR:process_memory_win.cc(73)] ReadMemory at 0x24d62495f10 of 60 bytes failed: Only part of a ReadProcessMemory or WriteProcessMemory request was completed. (0x12B)
[0920/004753.740:ERROR:process_memory_win.cc(73)] ReadMemory at 0x24d6249d7a0 of 62 bytes failed: Only part of a ReadProcessMemory or WriteProcessMemory request was completed. (0x12B)
[0920/004753.740:ERROR:process_memory_win.cc(73)] ReadMemory at 0x24d6249d840 of 64 bytes failed: Only part of a ReadProcessMemory or WriteProcessMemory request was completed. (0x12B)
[0920/004753.740:ERROR:process_memory_win.cc(73)] ReadMemory at 0x24d6249dc00 of 60 bytes failed: Only part of a ReadProcessMemory or WriteProcessMemory request was completed. (0x12B)
[0920/004753.740:ERROR:process_memory_win.cc(73)] ReadMemory at 0x24d624a0f50 of 76 bytes failed: Only part of a ReadProcessMemory or WriteProcessMemory request was completed. (0x12B)
[0920/004753.740:ERROR:process_memory_win.cc(73)] ReadMemory at 0x24d624a12b0 of 80 bytes failed: Only part of a ReadProcessMemory or WriteProcessMemory request was completed. (0x12B)
[0920/004753.770:ERROR:process_memory_win.cc(73)] ReadMemory at 0x24d624a1430 of 80 bytes failed: Only part of a ReadProcessMemory or WriteProcessMemory request was completed. (0x12B)
[0920/004753.770:ERROR:process_memory_win.cc(73)] ReadMemory at 0x24d624a3210 of 146 bytes failed: Only part of a ReadProcessMemory or WriteProcessMemory request was completed. (0x12B)
[0920/004753.770:ERROR:process_memory_win.cc(73)] ReadMemory at 0x24d624a3870 of 132 bytes failed: Only part of a ReadProcessMemory or WriteProcessMemory request was completed. (0x12B)
[0920/004753.770:ERROR:process_memory_win.cc(73)] ReadMemory at 0x24d624a39a0 of 132 bytes failed: Only part of a ReadProcessMemory or WriteProcessMemory request was completed. (0x12B)
[0920/004753.770:ERROR:process_memory_win.cc(73)] ReadMemory at 0x24d624a44d0 of 132 bytes failed: Only part of a ReadProcessMemory or WriteProcessMemory request was completed. (0x12B)
[0920/004753.770:ERROR:process_memory_win.cc(73)] ReadMemory at 0x24d624a4800 of 132 bytes failed: Only part of a ReadProcessMemory or WriteProcessMemory request was completed. (0x12B)
[0920/004753.770:ERROR:process_memory_win.cc(73)] ReadMemory at 0x24d624a4930 of 132 bytes failed: Only part of a ReadProcessMemory or WriteProcessMemory request was completed. (0x12B)
[0920/004753.770:ERROR:process_memory_win.cc(73)] ReadMemory at 0x24d624a4c90 of 132 bytes failed: Only part of a ReadProcessMemory or WriteProcessMemory request was completed. (0x12B)
[0920/004753.771:ERROR:process_memory_win.cc(73)] ReadMemory at 0x24d624a4dc0 of 132 bytes failed: Only part of a ReadProcessMemory or WriteProcessMemory request was completed. (0x12B)
[0920/004753.771:ERROR:process_memory_win.cc(73)] ReadMemory at 0x24d624a50f0 of 132 bytes failed: Only part of a ReadProcessMemory or WriteProcessMemory request was completed. (0x12B)
[0920/004753.771:ERROR:process_memory_win.cc(73)] ReadMemory at 0x24d624a5220 of 132 bytes failed: Only part of a ReadProcessMemory or WriteProcessMemory request was completed. (0x12B)
[0920/004753.771:ERROR:process_memory_win.cc(73)] ReadMemory at 0x24d624a5350 of 132 bytes failed: Only part of a ReadProcessMemory or WriteProcessMemory request was completed. (0x12B)
[0920/004753.771:ERROR:process_memory_win.cc(73)] ReadMemory at 0x24d624a5480 of 132 bytes failed: Only part of a ReadProcessMemory or WriteProcessMemory request was completed. (0x12B)
[0920/004753.771:ERROR:process_memory_win.cc(73)] ReadMemory at 0x24d624a55b0 of 132 bytes failed: Only part of a ReadProcessMemory or WriteProcessMemory request was completed. (0x12B)
[0920/004753.771:ERROR:process_memory_win.cc(73)] ReadMemory at 0x24d624a56e0 of 132 bytes failed: Only part of a ReadProcessMemory or WriteProcessMemory request was completed. (0x12B)
[0920/004753.771:ERROR:process_memory_win.cc(73)] ReadMemory at 0x24d624a5940 of 132 bytes failed: Only part of a ReadProcessMemory or WriteProcessMemory request was completed. (0x12B)
[0920/004753.771:ERROR:process_memory_win.cc(73)] ReadMemory at 0x24d624a5a70 of 132 bytes failed: Only part of a ReadProcessMemory or WriteProcessMemory request was completed. (0x12B)
[0920/004753.771:ERROR:process_memory_win.cc(73)] ReadMemory at 0x24d624a5ba0 of 132 bytes failed: Only part of a ReadProcessMemory or WriteProcessMemory request was completed. (0x12B)
[0920/004753.771:ERROR:process_memory_win.cc(73)] ReadMemory at 0x24d624a5cd0 of 132 bytes failed: Only part of a ReadProcessMemory or WriteProcessMemory request was completed. (0x12B)
[0920/004753.771:ERROR:process_memory_win.cc(73)] ReadMemory at 0x24d624a5e00 of 132 bytes failed: Only part of a ReadProcessMemory or WriteProcessMemory request was completed. (0x12B)
[0920/004753.771:ERROR:process_memory_win.cc(73)] ReadMemory at 0x24d624a5f30 of 132 bytes failed: Only part of a ReadProcessMemory or WriteProcessMemory request was completed. (0x12B)
[0920/004753.772:ERROR:process_memory_win.cc(73)] ReadMemory at 0x24d624a83a0 of 132 bytes failed: Only part of a ReadProcessMemory or WriteProcessMemory request was completed. (0x12B)
[0920/004753.899:ERROR:process_memory_win.cc(73)] ReadMemory at 0x24d624a86f0 of 64 bytes failed: Only part of a ReadProcessMemory or WriteProcessMemory request was completed. (0x12B)
[0920/004753.899:ERROR:process_memory_win.cc(73)] ReadMemory at 0x24d624a8790 of 66 bytes failed: Only part of a ReadProcessMemory or WriteProcessMemory request was completed. (0x12B)
[0920/004753.899:ERROR:process_memory_win.cc(73)] ReadMemory at 0x24d624a87e0 of 62 bytes failed: Only part of a ReadProcessMemory or WriteProcessMemory request was completed. (0x12B)
[0920/004753.899:ERROR:process_memory_win.cc(73)] ReadMemory at 0x24d624a8830 of 60 bytes failed: Only part of a ReadProcessMemory or WriteProcessMemory request was completed. (0x12B)
[0920/004753.899:ERROR:process_memory_win.cc(73)] ReadMemory at 0x24d624a8880 of 64 bytes failed: Only part of a ReadProcessMemory or WriteProcessMemory request was completed. (0x12B)
[0920/004753.899:ERROR:process_memory_win.cc(73)] ReadMemory at 0x24d624a88d0 of 58 bytes failed: Only part of a ReadProcessMemory or WriteProcessMemory request was completed. (0x12B)
[0920/004753.899:ERROR:process_memory_win.cc(73)] ReadMemory at 0x24d624a8920 of 62 bytes failed: Only part of a ReadProcessMemory or WriteProcessMemory request was completed. (0x12B)
[0920/004753.899:ERROR:process_memory_win.cc(73)] ReadMemory at 0x24d624a8ab0 of 60 bytes failed: Only part of a ReadProcessMemory or WriteProcessMemory request was completed. (0x12B)
[0920/004753.900:ERROR:process_memory_win.cc(73)] ReadMemory at 0x24d624a8ba0 of 64 bytes failed: Only part of a ReadProcessMemory or WriteProcessMemory request was completed. (0x12B)
[0920/004753.900:ERROR:process_memory_win.cc(73)] ReadMemory at 0x24d624a8bf0 of 62 bytes failed: Only part of a ReadProcessMemory or WriteProcessMemory request was completed. (0x12B)
[0920/004753.900:ERROR:process_memory_win.cc(73)] ReadMemory at 0x24d624a8c40 of 60 bytes failed: Only part of a ReadProcessMemory or WriteProcessMemory request was completed. (0x12B)
[0920/004753.900:ERROR:process_memory_win.cc(73)] ReadMemory at 0x24d624a8c90 of 64 bytes failed: Only part of a ReadProcessMemory or WriteProcessMemory request was completed. (0x12B)
[0920/004753.900:ERROR:process_memory_win.cc(73)] ReadMemory at 0x24d624a8d30 of 62 bytes failed: Only part of a ReadProcessMemory or WriteProcessMemory request was completed. (0x12B)
[0920/004753.900:ERROR:process_memory_win.cc(73)] ReadMemory at 0x24d624a8dd0 of 62 bytes failed: Only part of a ReadProcessMemory or WriteProcessMemory request was completed. (0x12B)
[0920/004753.900:ERROR:process_memory_win.cc(73)] ReadMemory at 0x24d624a8e20 of 64 bytes failed: Only part of a ReadProcessMemory or WriteProcessMemory request was completed. (0x12B)
[0920/004753.900:ERROR:process_memory_win.cc(73)] ReadMemory at 0x24d624a9ec0 of 54 bytes failed: Only part of a ReadProcessMemory or WriteProcessMemory request was completed. (0x12B)
[0920/004753.900:ERROR:process_memory_win.cc(73)] ReadMemory at 0x24d624ab950 of 132 bytes failed: Only part of a ReadProcessMemory or WriteProcessMemory request was completed. (0x12B)
[0920/004753.901:ERROR:process_memory_win.cc(73)] ReadMemory at 0x24d624afe40 of 132 bytes failed: Only part of a ReadProcessMemory or WriteProcessMemory request was completed. (0x12B)
[0920/004753.901:ERROR:process_memory_win.cc(73)] ReadMemory at 0x24d624b00f0 of 132 bytes failed: Only part of a ReadProcessMemory or WriteProcessMemory request was completed. (0x12B)
[0920/004753.901:ERROR:process_memory_win.cc(73)] ReadMemory at 0x24d624b0350 of 132 bytes failed: Only part of a ReadProcessMemory or WriteProcessMemory request was completed. (0x12B)
[0920/004753.901:ERROR:process_memory_win.cc(73)] ReadMemory at 0x24d624b0480 of 132 bytes failed: Only part of a ReadProcessMemory or WriteProcessMemory request was completed. (0x12B)
[0920/004753.901:ERROR:process_memory_win.cc(73)] ReadMemory at 0x24d624b05b0 of 132 bytes failed: Only part of a ReadProcessMemory or WriteProcessMemory request was completed. (0x12B)
[0920/004753.901:ERROR:process_memory_win.cc(73)] ReadMemory at 0x24d624b06e0 of 132 bytes failed: Only part of a ReadProcessMemory or WriteProcessMemory request was completed. (0x12B)
[0920/004753.901:ERROR:process_memory_win.cc(73)] ReadMemory at 0x24d624b0940 of 132 bytes failed: Only part of a ReadProcessMemory or WriteProcessMemory request was completed. (0x12B)
[0920/004753.901:ERROR:process_memory_win.cc(73)] ReadMemory at 0x24d624b12c0 of 132 bytes failed: Only part of a ReadProcessMemory or WriteProcessMemory request was completed. (0x12B)
[0920/004753.901:ERROR:process_memory_win.cc(73)] ReadMemory at 0x24d624b1520 of 132 bytes failed: Only part of a ReadProcessMemory or WriteProcessMemory request was completed. (0x12B)
[0920/004753.902:ERROR:process_memory_win.cc(73)] ReadMemory at 0x24d624b18b0 of 132 bytes failed: Only part of a ReadProcessMemory or WriteProcessMemory request was completed. (0x12B)
[0920/004753.902:ERROR:process_memory_win.cc(73)] ReadMemory at 0x24d624b1b10 of 132 bytes failed: Only part of a ReadProcessMemory or WriteProcessMemory request was completed. (0x12B)
[0920/004753.902:ERROR:process_memory_win.cc(73)] ReadMemory at 0x24d624b2bd0 of 62 bytes failed: Only part of a ReadProcessMemory or WriteProcessMemory request was completed. (0x12B)
[0920/004753.902:ERROR:process_memory_win.cc(73)] ReadMemory at 0x24d624b2c20 of 62 bytes failed: Only part of a ReadProcessMemory or WriteProcessMemory request was completed. (0x12B)
[0920/004753.902:ERROR:process_memory_win.cc(73)] ReadMemory at 0x24d624b2d60 of 64 bytes failed: Only part of a ReadProcessMemory or WriteProcessMemory request was completed. (0x12B)
[0920/004753.902:ERROR:process_memory_win.cc(73)] ReadMemory at 0x24d624b3080 of 60 bytes failed: Only part of a ReadProcessMemory or WriteProcessMemory request was completed. (0x12B)
[0920/004753.924:ERROR:process_memory_win.cc(73)] ReadMemory at 0x24d624b3120 of 60 bytes failed: Only part of a ReadProcessMemory or WriteProcessMemory request was completed. (0x12B)
[0920/004753.924:ERROR:process_memory_win.cc(73)] ReadMemory at 0x24d624b3170 of 66 bytes failed: Only part of a ReadProcessMemory or WriteProcessMemory request was completed. (0x12B)
[0920/004753.924:ERROR:process_memory_win.cc(73)] ReadMemory at 0x24d624b3260 of 64 bytes failed: Only part of a ReadProcessMemory or WriteProcessMemory request was completed. (0x12B)
[0920/004753.924:ERROR:process_memory_win.cc(73)] ReadMemory at 0x24d624b3440 of 62 bytes failed: Only part of a ReadProcessMemory or WriteProcessMemory request was completed. (0x12B)
[0920/004753.925:ERROR:process_memory_win.cc(73)] ReadMemory at 0x24d624b38a0 of 62 bytes failed: Only part of a ReadProcessMemory or WriteProcessMemory request was completed. (0x12B)
[0920/004753.925:ERROR:process_memory_win.cc(73)] ReadMemory at 0x24d624fb910 of 512 bytes failed: Only part of a ReadProcessMemory or WriteProcessMemory request was completed. (0x12B)
[0920/004753.925:ERROR:process_memory_win.cc(73)] ReadMemory at 0x24d624fc500 of 512 bytes failed: Only part of a ReadProcessMemory or WriteProcessMemory request was completed. (0x12B)
[0920/004753.925:ERROR:process_memory_win.cc(73)] ReadMemory at 0x24d6250bbc0 of 512 bytes failed: Only part of a ReadProcessMemory or WriteProcessMemory request was completed. (0x12B)
[0920/004753.925:ERROR:process_memory_win.cc(73)] ReadMemory at 0x24d62522180 of 512 bytes failed: Only part of a ReadProcessMemory or WriteProcessMemory request was completed. (0x12B)
[0920/004753.925:ERROR:process_memory_win.cc(73)] ReadMemory at 0x24d625237c0 of 512 bytes failed: Only part of a ReadProcessMemory or WriteProcessMemory request was completed. (0x12B)
[0920/004753.949:ERROR:process_memory_win.cc(73)] ReadMemory at 0x24d625241a0 of 712 bytes failed: Only part of a ReadProcessMemory or WriteProcessMemory request was completed. (0x12B)
[0920/004753.949:ERROR:process_memory_win.cc(73)] ReadMemory at 0x24d62531a03 of 512 bytes failed: Only part of a ReadProcessMemory or WriteProcessMemory request was completed. (0x12B)
[0920/004753.949:ERROR:process_memory_win.cc(73)] ReadMemory at 0x24d62540470 of 512 bytes failed: Only part of a ReadProcessMemory or WriteProcessMemory request was completed. (0x12B)
[0920/004753.949:ERROR:process_memory_win.cc(73)] ReadMemory at 0x24d62547030 of 512 bytes failed: Only part of a ReadProcessMemory or WriteProcessMemory request was completed. (0x12B)
[0920/004753.950:ERROR:process_memory_win.cc(73)] ReadMemory at 0x24d625c2200 of 512 bytes failed: Only part of a ReadProcessMemory or WriteProcessMemory request was completed. (0x12B)
[0920/004753.950:ERROR:process_memory_win.cc(73)] ReadMemory at 0x24d63d70000 of 384 bytes failed: Only part of a ReadProcessMemory or WriteProcessMemory request was completed. (0x12B)
[0920/004753.950:ERROR:process_memory_win.cc(73)] ReadMemory at 0x24d63db9df0 of 512 bytes failed: Only part of a ReadProcessMemory or WriteProcessMemory request was completed. (0x12B)
[0920/004754.083:ERROR:process_memory_win.cc(73)] ReadMemory at 0x24d63dc3cb4 of 768 bytes failed: Only part of a ReadProcessMemory or WriteProcessMemory request was completed. (0x12B)
[0920/004754.083:ERROR:process_memory_win.cc(73)] ReadMemory at 0x24d63dffa70 of 512 bytes failed: Only part of a ReadProcessMemory or WriteProcessMemory request was completed. (0x12B)
[0920/004754.083:ERROR:process_memory_win.cc(73)] ReadMemory at 0x24d63fcddf0 of 512 bytes failed: Only part of a ReadProcessMemory or WriteProcessMemory request was completed. (0x12B)
[0920/004754.084:ERROR:process_memory_win.cc(73)] ReadMemory at 0x24d640d81b0 of 512 bytes failed: Only part of a ReadProcessMemory or WriteProcessMemory request was completed. (0x12B)
[0920/004754.084:ERROR:process_memory_win.cc(73)] ReadMemory at 0x24d646f0000 of 384 bytes failed: Only part of a ReadProcessMemory or WriteProcessMemory request was completed. (0x12B)
[0920/004754.084:ERROR:process_memory_win.cc(73)] ReadMemory at 0x7ffb822bbf40 of 512 bytes failed: Only part of a ReadProcessMemory or WriteProcessMemory request was completed. (0x12B)
[0920/004754.084:ERROR:process_memory_win.cc(73)] ReadMemory at 0x7ffba12c5160 of 512 bytes failed: Only part of a ReadProcessMemory or WriteProcessMemory request was completed. (0x12B)
[0920/004754.084:ERROR:process_memory_win.cc(73)] ReadMemory at 0x7ffba12c5867 of 512 bytes failed: Only part of a ReadProcessMemory or WriteProcessMemory request was completed. (0x12B)
[0920/004754.084:ERROR:process_memory_win.cc(73)] ReadMemory at 0x7ffbb5b91f80 of 512 bytes failed: Only part of a ReadProcessMemory or WriteProcessMemory request was completed. (0x12B)
[0920/004754.094:ERROR:process_memory_win.cc(73)] ReadMemory at 0x7ffbb75dc074 of 672 bytes failed: Only part of a ReadProcessMemory or WriteProcessMemory request was completed. (0x12B)
[0920/004754.095:ERROR:process_memory_win.cc(73)] ReadMemory at 0x7ffbb75df924 of 608 bytes failed: Only part of a ReadProcessMemory or WriteProcessMemory request was completed. (0x12B)
[0920/004754.095:ERROR:process_memory_win.cc(73)] ReadMemory at 0x7ffbb766c428 of 18 bytes failed: Only part of a ReadProcessMemory or WriteProcessMemory request was completed. (0x12B)
[0920/004754.095:ERROR:process_memory_win.cc(73)] ReadMemory at 0x7ffbb769f4f8 of 40 bytes failed: Only part of a ReadProcessMemory or WriteProcessMemory request was completed. (0x12B)
[0920/004754.095:ERROR:process_memory_win.cc(73)] ReadMemory at 0x7ffbb769f978 of 48 bytes failed: Only part of a ReadProcessMemory or WriteProcessMemory request was completed. (0x12B)
[0920/004754.095:ERROR:process_memory_win.cc(73)] ReadMemory at 0x7ffbb76a53c0 of 64 bytes failed: Only part of a ReadProcessMemory or WriteProcessMemory request was completed. (0x12B)
[0920/004754.096:ERROR:scoped_process_suspend.cc(40)] NtResumeProcess: An attempt was made to access an exiting process. (0xc000010a)
[0922/174426.350:ERROR:process_reader_win.cc(123)] NtOpenThread: {Access Denied} A process has requested access to an object, but has not been granted those access rights. (0xc0000022)
[0922/174426.350:ERROR:process_reader_win.cc(123)] NtOpenThread: {Access Denied} A process has requested access to an object, but has not been granted those access rights. (0xc0000022)
[0922/174426.350:ERROR:process_reader_win.cc(123)] NtOpenThread: {Access Denied} A process has requested access to an object, but has not been granted those access rights. (0xc0000022)
[0922/174426.975:ERROR:exception_snapshot_win.cc(99)] thread ID 11524 not found in process
[0922/174426.975:ERROR:exception_snapshot_win.cc(99)] thread ID 5080 not found in process
[0922/174426.975:ERROR:exception_snapshot_win.cc(99)] thread ID 8668 not found in process
